<?xml version="1.0" encoding="UTF-8"?>
<testng-results ignored="0" total="1" passed="1" failed="0" skipped="0">
  <reporter-output>
  </reporter-output>
  <suite started-at="2023-04-17T15:31:50 IST" name="Default suite" finished-at="2023-04-17T15:32:39 IST" duration-ms="49376">
    <groups>
    </groups>
    <test started-at="2023-04-17T15:31:50 IST" name="Default test" finished-at="2023-04-17T15:32:39 IST" duration-ms="49376">
      <class name="test.Homepagetest">
        <test-method is-config="true" signature="set()[pri:0, instance:test.Homepagetest@5e600dd5]" started-at="2023-04-17T15:31:50 IST" name="set" finished-at="2023-04-17T15:32:22 IST" duration-ms="32556" status="PASS">
          <reporter-output>
          </reporter-output>
        </test-method> <!-- set -->
        <test-method signature="test1()[pri:0, instance:test.Homepagetest@5e600dd5]" started-at="2023-04-17T15:32:22 IST" name="test1" finished-at="2023-04-17T15:32:39 IST" duration-ms="16747" status="PASS">
          <reporter-output>
          </reporter-output>
        </test-method> <!-- test1 -->
      </class> <!-- test.Homepagetest -->
    </test> <!-- Default test -->
  </suite> <!-- Default suite -->
</testng-results>
